# JRE version: OpenJDK Runtime Environment (17.0.6) (build 17.0.6+0-b2043.56-9586694)
# Java VM: OpenJDK 64-Bit Server VM (17.0.6+0-b2043.56-9586694, mixed mode, tiered, compressed oops, compressed class ptrs, g1 gc, windows-amd64)
GC Precious Log:
 CPUs: 8 total, 8 available
 Memory: 16197M
 Large Page Support: Disabled
 NUMA Support: Disabled
 Compressed Oops: Enabled (Zero based)
 Heap Region Size: 2M
 Heap Min Capacity: 8M
 Heap Initial Capacity: 254M
 Heap Max Capacity: 4G
 Pre-touch: Disabled
 Parallel Workers: 8
 Concurrent Workers: 2
 Concurrent Refinement Workers: 8
 Periodic GC: Disabled
Heap:
 garbage-first heap   total 894976K, used 454546K [0x0000000700000000, 0x0000000800000000)
  region size 2048K, 5 young (10240K), 5 survivors (10240K)
 Metaspace       used 187104K, committed 188544K, reserved 1212416K
  class space    used 24259K, committed 24960K, reserved 1048576K
GC Heap History (20 events):
Event: 4033.331 GC heap after
{Heap after GC invocations=68 (full 1):
 garbage-first heap   total 894976K, used 287102K [0x0000000700000000, 0x0000000800000000)
  region size 2048K, 15 young (30720K), 15 survivors (30720K)
 Metaspace       used 183753K, committed 185344K, reserved 1212416K
  class space    used 24077K, committed 24832K, reserved 1048576K
}
Event: 4050.138 GC heap before
{Heap before GC invocations=68 (full 1):
 garbage-first heap   total 894976K, used 395646K [0x0000000700000000, 0x0000000800000000)
  region size 2048K, 70 young (143360K), 15 survivors (30720K)
 Metaspace       used 184417K, committed 186048K, reserved 1212416K
  class space    used 24118K, committed 24896K, reserved 1048576K
}
Event: 4050.249 GC heap after
{Heap after GC invocations=69 (full 1):
 garbage-first heap   total 894976K, used 288090K [0x0000000700000000, 0x0000000800000000)
  region size 2048K, 3 young (6144K), 3 survivors (6144K)
 Metaspace       used 184417K, committed 186048K, reserved 1212416K
  class space    used 24118K, committed 24896K, reserved 1048576K
}
Event: 4053.241 GC heap before
{Heap before GC invocations=70 (full 1):
 garbage-first heap   total 894976K, used 703834K [0x0000000700000000, 0x0000000800000000)
  region size 2048K, 203 young (415744K), 3 survivors (6144K)
 Metaspace       used 184204K, committed 185664K, reserved 1212416K
  class space    used 24036K, committed 24704K, reserved 1048576K
}
Event: 4054.038 GC heap after
{Heap after GC invocations=71 (full 1):
 garbage-first heap   total 894976K, used 385872K [0x0000000700000000, 0x0000000800000000)
  region size 2048K, 26 young (53248K), 26 survivors (53248K)
 Metaspace       used 184204K, committed 185664K, reserved 1212416K
  class space    used 24036K, committed 24704K, reserved 1048576K
}
Event: 4054.042 GC heap before
{Heap before GC invocations=71 (full 1):
 garbage-first heap   total 894976K, used 387920K [0x0000000700000000, 0x0000000800000000)
  region size 2048K, 27 young (55296K), 26 survivors (53248K)
 Metaspace       used 184204K, committed 185664K, reserved 1212416K
  class space    used 24036K, committed 24704K, reserved 1048576K
}
Event: 4054.783 GC heap after
{Heap after GC invocations=72 (full 1):
 garbage-first heap   total 894976K, used 394037K [0x0000000700000000, 0x0000000800000000)
  region size 2048K, 3 young (6144K), 3 survivors (6144K)
 Metaspace       used 184204K, committed 185664K, reserved 1212416K
  class space    used 24036K, committed 24704K, reserved 1048576K
}
Event: 4054.853 GC heap before
{Heap before GC invocations=72 (full 1):
 garbage-first heap   total 894976K, used 445237K [0x0000000700000000, 0x0000000800000000)
  region size 2048K, 28 young (57344K), 3 survivors (6144K)
 Metaspace       used 184210K, committed 185664K, reserved 1212416K
  class space    used 24036K, committed 24704K, reserved 1048576K
}
Event: 4055.376 GC heap after
{Heap after GC invocations=73 (full 1):
 garbage-first heap   total 894976K, used 423814K [0x0000000700000000, 0x0000000800000000)
  region size 2048K, 4 young (8192K), 4 survivors (8192K)
 Metaspace       used 184210K, committed 185664K, reserved 1212416K
  class space    used 24036K, committed 24704K, reserved 1048576K
}
Event: 4059.990 GC heap before
{Heap before GC invocations=73 (full 1):
 garbage-first heap   total 894976K, used 456582K [0x0000000700000000, 0x0000000800000000)
  region size 2048K, 21 young (43008K), 4 survivors (8192K)
 Metaspace       used 184238K, committed 185728K, reserved 1212416K
  class space    used 24038K, committed 24768K, reserved 1048576K
}
Event: 4060.049 GC heap after
{Heap after GC invocations=74 (full 1):
 garbage-first heap   total 894976K, used 426285K [0x0000000700000000, 0x0000000800000000)
  region size 2048K, 1 young (2048K), 1 survivors (2048K)
 Metaspace       used 184238K, committed 185728K, reserved 1212416K
  class space    used 24038K, committed 24768K, reserved 1048576K
}
Event: 4076.633 GC heap before
{Heap before GC invocations=74 (full 1):
 garbage-first heap   total 894976K, used 465197K [0x0000000700000000, 0x0000000800000000)
  region size 2048K, 21 young (43008K), 1 survivors (2048K)
 Metaspace       used 184350K, committed 185856K, reserved 1212416K
  class space    used 24047K, committed 24768K, reserved 1048576K
}
Event: 4076.636 GC heap after
{Heap after GC invocations=75 (full 1):
 garbage-first heap   total 894976K, used 425928K [0x0000000700000000, 0x0000000800000000)
  region size 2048K, 1 young (2048K), 1 survivors (2048K)
 Metaspace       used 184350K, committed 185856K, reserved 1212416K
  class space    used 24047K, committed 24768K, reserved 1048576K
}
Event: 4079.805 GC heap before
{Heap before GC invocations=75 (full 1):
 garbage-first heap   total 894976K, used 493512K [0x0000000700000000, 0x0000000800000000)
  region size 2048K, 33 young (67584K), 1 survivors (2048K)
 Metaspace       used 184709K, committed 186240K, reserved 1212416K
  class space    used 24076K, committed 24768K, reserved 1048576K
}
Event: 4079.811 GC heap after
{Heap after GC invocations=76 (full 1):
 garbage-first heap   total 894976K, used 442221K [0x0000000700000000, 0x0000000800000000)
  region size 2048K, 5 young (10240K), 5 survivors (10240K)
 Metaspace       used 184709K, committed 186240K, reserved 1212416K
  class space    used 24076K, committed 24768K, reserved 1048576K
}
Event: 4081.484 GC heap before
{Heap before GC invocations=76 (full 1):
 garbage-first heap   total 894976K, used 511853K [0x0000000700000000, 0x0000000800000000)
  region size 2048K, 37 young (75776K), 5 survivors (10240K)
 Metaspace       used 185718K, committed 187200K, reserved 1212416K
  class space    used 24142K, committed 24832K, reserved 1048576K
}
Event: 4081.490 GC heap after
{Heap after GC invocations=77 (full 1):
 garbage-first heap   total 894976K, used 443072K [0x0000000700000000, 0x0000000800000000)
  region size 2048K, 3 young (6144K), 3 survivors (6144K)
 Metaspace       used 185718K, committed 187200K, reserved 1212416K
  class space    used 24142K, committed 24832K, reserved 1048576K
}
Event: 4082.846 GC heap before
{Heap before GC invocations=77 (full 1):
 garbage-first heap   total 894976K, used 549568K [0x0000000700000000, 0x0000000800000000)
  region size 2048K, 56 young (114688K), 3 survivors (6144K)
 Metaspace       used 186642K, committed 188160K, reserved 1212416K
  class space    used 24235K, committed 24960K, reserved 1048576K
}
Event: 4082.911 GC heap after
{Heap after GC invocations=78 (full 1):
 garbage-first heap   total 894976K, used 452300K [0x0000000700000000, 0x0000000800000000)
  region size 2048K, 7 young (14336K), 7 survivors (14336K)
 Metaspace       used 186642K, committed 188160K, reserved 1212416K
  class space    used 24235K, committed 24960K, reserved 1048576K
}
Event: 4083.181 GC heap before
{Heap before GC invocations=78 (full 1):
 garbage-first heap   total 894976K, used 579276K [0x0000000700000000, 0x0000000800000000)
  region size 2048K, 69 young (141312K), 7 survivors (14336K)
 Metaspace       used 187104K, committed 188544K, reserved 1212416K
  class space    used 24259K, committed 24960K, reserved 1048576K
}

